<?xml version="1.0" encoding="UTF-8"?>
<!-- Generated by org.testng.reporters.JUnitReportReporter -->
<testsuite hostname="Suraj_Mishra" failures="0" tests="1" name="runner.HandleDynamicWebTableRunner2" time="7.479" errors="0" timestamp="2024-04-13T19:12:22 IST" skipped="0">
  <testcase classname="runner.HandleDynamicWebTableRunner2" name="runScenario" time="7.479"/>
  <system-out/>
</testsuite> <!-- runner.HandleDynamicWebTableRunner2 -->
