<?xml version="1.0" encoding="UTF-8"?>
<!-- Generated by org.testng.reporters.JUnitReportReporter -->
<testsuite hostname="Suraj_Mishra" failures="0" tests="1" name="runner.HandleDynamicWebTableRunner" time="6.912" errors="0" timestamp="2024-04-13T18:59:50 IST" skipped="0">
  <testcase classname="runner.HandleDynamicWebTableRunner" name="runScenario" time="6.912"/>
  <system-out/>
</testsuite> <!-- runner.HandleDynamicWebTableRunner -->
