<?xml version="1.0" encoding="UTF-8"?>
<!-- Generated by org.testng.reporters.JUnitReportReporter -->
<testsuite hostname="Suraj_Mishra" failures="0" tests="1" name="runner.HandleDynamicWebTableRunner" time="15.420" errors="0" timestamp="2024-04-14T12:39:20 IST" skipped="0">
  <testcase classname="runner.HandleDynamicWebTableRunner" name="runScenario" time="15.420"/>
</testsuite> <!-- runner.HandleDynamicWebTableRunner -->
